<?xml version="1.0" encoding="UTF-8"?>
<testng-results skipped="0" failed="0" total="1" passed="1">
  <reporter-output>
  </reporter-output>
  <suite name="Default suite" duration-ms="31131" started-at="2014-03-24T16:24:10Z" finished-at="2014-03-24T16:24:41Z">
    <groups>
    </groups>
    <test name="Default test" duration-ms="31131" started-at="2014-03-24T16:24:10Z" finished-at="2014-03-24T16:24:41Z">
      <class name="com.face.facebooklog">
        <test-method status="PASS" signature="loginGmail(java.lang.String, java.lang.String)[pri:0, instance:com.face.facebooklog@138b4ed]" name="loginGmail" duration-ms="30945" started-at="2014-03-24T10:24:10Z" data-provider="DP" finished-at="2014-03-24T10:24:41Z">
          <params>
            <param index="0">
              <value>
                <![CDATA[tdrose01@gmail.com]]>
              </value>
            </param>
            <param index="1">
              <value>
                <![CDATA[Thomas!12345]]>
              </value>
            </param>
          </params>
          <reporter-output>
          </reporter-output>
        </test-method> <!-- loginGmail -->
      </class> <!-- com.face.facebooklog -->
    </test> <!-- Default test -->
  </suite> <!-- Default suite -->
</testng-results>
